[03-Aug-2021 00:48:59 Asia/Tokyo] PHP Notice:  Only variables should be passed by reference in /var/www/html/user/action/register.php on line 16
[03-Aug-2021 00:49:43 Asia/Tokyo] PHP Notice:  Only variables should be passed by reference in /var/www/html/user/action/register.php on line 16
[03-Aug-2021 00:53:01 Asia/Tokyo] PHP Notice:  Only variables should be passed by reference in /var/www/html/user/action/register.php on line 16
[03-Aug-2021 00:56:10 Asia/Tokyo] PHP Notice:  Only variables should be passed by reference in /var/www/html/user/action/register.php on line 50
[03-Aug-2021 15:04:50 Asia/Tokyo] PHP Warning:  require(../common/auth.php): failed to open stream: No such file or directory in /var/www/html/login/action/login.php on line 3
[03-Aug-2021 15:04:50 Asia/Tokyo] PHP Fatal error:  require(): Failed opening required '../common/auth.php' (include_path='.:/usr/local/lib/php') in /var/www/html/login/action/login.php on line 3
[03-Aug-2021 15:07:45 Asia/Tokyo] PHP Warning:  require(../common/auth.php): failed to open stream: No such file or directory in /var/www/html/index.php on line 3
[03-Aug-2021 15:07:45 Asia/Tokyo] PHP Fatal error:  require(): Failed opening required '../common/auth.php' (include_path='.:/usr/local/lib/php') in /var/www/html/index.php on line 3
[03-Aug-2021 15:07:45 Asia/Tokyo] PHP Warning:  require(../common/auth.php): failed to open stream: No such file or directory in /var/www/html/index.php on line 3
[03-Aug-2021 15:07:45 Asia/Tokyo] PHP Fatal error:  require(): Failed opening required '../common/auth.php' (include_path='.:/usr/local/lib/php') in /var/www/html/index.php on line 3
[03-Aug-2021 15:07:45 Asia/Tokyo] PHP Warning:  require(../common/auth.php): failed to open stream: No such file or directory in /var/www/html/index.php on line 3
[03-Aug-2021 15:07:45 Asia/Tokyo] PHP Fatal error:  require(): Failed opening required '../common/auth.php' (include_path='.:/usr/local/lib/php') in /var/www/html/index.php on line 3
[03-Aug-2021 15:07:45 Asia/Tokyo] PHP Warning:  require(../common/auth.php): failed to open stream: No such file or directory in /var/www/html/index.php on line 3
[03-Aug-2021 15:07:45 Asia/Tokyo] PHP Fatal error:  require(): Failed opening required '../common/auth.php' (include_path='.:/usr/local/lib/php') in /var/www/html/index.php on line 3
[03-Aug-2021 15:07:45 Asia/Tokyo] PHP Warning:  require(../common/auth.php): failed to open stream: No such file or directory in /var/www/html/index.php on line 3
[03-Aug-2021 15:07:45 Asia/Tokyo] PHP Fatal error:  require(): Failed opening required '../common/auth.php' (include_path='.:/usr/local/lib/php') in /var/www/html/index.php on line 3
[03-Aug-2021 15:07:45 Asia/Tokyo] PHP Warning:  require(../common/auth.php): failed to open stream: No such file or directory in /var/www/html/index.php on line 3
[03-Aug-2021 15:07:45 Asia/Tokyo] PHP Fatal error:  require(): Failed opening required '../common/auth.php' (include_path='.:/usr/local/lib/php') in /var/www/html/index.php on line 3
[03-Aug-2021 15:07:45 Asia/Tokyo] PHP Warning:  require(../common/auth.php): failed to open stream: No such file or directory in /var/www/html/index.php on line 3
[03-Aug-2021 15:07:45 Asia/Tokyo] PHP Fatal error:  require(): Failed opening required '../common/auth.php' (include_path='.:/usr/local/lib/php') in /var/www/html/index.php on line 3
[03-Aug-2021 15:07:45 Asia/Tokyo] PHP Warning:  require(../common/auth.php): failed to open stream: No such file or directory in /var/www/html/index.php on line 3
[03-Aug-2021 15:07:45 Asia/Tokyo] PHP Fatal error:  require(): Failed opening required '../common/auth.php' (include_path='.:/usr/local/lib/php') in /var/www/html/index.php on line 3
[03-Aug-2021 15:07:45 Asia/Tokyo] PHP Warning:  require(../common/auth.php): failed to open stream: No such file or directory in /var/www/html/index.php on line 3
[03-Aug-2021 15:07:45 Asia/Tokyo] PHP Fatal error:  require(): Failed opening required '../common/auth.php' (include_path='.:/usr/local/lib/php') in /var/www/html/index.php on line 3
[03-Aug-2021 15:07:45 Asia/Tokyo] PHP Warning:  require(../common/auth.php): failed to open stream: No such file or directory in /var/www/html/index.php on line 3
[03-Aug-2021 15:07:45 Asia/Tokyo] PHP Fatal error:  require(): Failed opening required '../common/auth.php' (include_path='.:/usr/local/lib/php') in /var/www/html/index.php on line 3
[03-Aug-2021 15:07:45 Asia/Tokyo] PHP Warning:  require(../common/auth.php): failed to open stream: No such file or directory in /var/www/html/index.php on line 3
[03-Aug-2021 15:07:45 Asia/Tokyo] PHP Fatal error:  require(): Failed opening required '../common/auth.php' (include_path='.:/usr/local/lib/php') in /var/www/html/index.php on line 3
[03-Aug-2021 15:07:45 Asia/Tokyo] PHP Warning:  require(../common/auth.php): failed to open stream: No such file or directory in /var/www/html/index.php on line 3
[03-Aug-2021 15:07:45 Asia/Tokyo] PHP Fatal error:  require(): Failed opening required '../common/auth.php' (include_path='.:/usr/local/lib/php') in /var/www/html/index.php on line 3
[03-Aug-2021 15:07:45 Asia/Tokyo] PHP Warning:  require(../common/auth.php): failed to open stream: No such file or directory in /var/www/html/index.php on line 3
[03-Aug-2021 15:07:45 Asia/Tokyo] PHP Fatal error:  require(): Failed opening required '../common/auth.php' (include_path='.:/usr/local/lib/php') in /var/www/html/index.php on line 3
[03-Aug-2021 15:07:45 Asia/Tokyo] PHP Warning:  require(../common/auth.php): failed to open stream: No such file or directory in /var/www/html/index.php on line 3
[03-Aug-2021 15:07:45 Asia/Tokyo] PHP Fatal error:  require(): Failed opening required '../common/auth.php' (include_path='.:/usr/local/lib/php') in /var/www/html/index.php on line 3
[03-Aug-2021 15:07:45 Asia/Tokyo] PHP Warning:  require(../common/auth.php): failed to open stream: No such file or directory in /var/www/html/index.php on line 3
[03-Aug-2021 15:07:45 Asia/Tokyo] PHP Fatal error:  require(): Failed opening required '../common/auth.php' (include_path='.:/usr/local/lib/php') in /var/www/html/index.php on line 3
[03-Aug-2021 15:07:45 Asia/Tokyo] PHP Warning:  require(../common/auth.php): failed to open stream: No such file or directory in /var/www/html/index.php on line 3
[03-Aug-2021 15:07:45 Asia/Tokyo] PHP Fatal error:  require(): Failed opening required '../common/auth.php' (include_path='.:/usr/local/lib/php') in /var/www/html/index.php on line 3
[03-Aug-2021 15:07:45 Asia/Tokyo] PHP Warning:  require(../common/auth.php): failed to open stream: No such file or directory in /var/www/html/index.php on line 3
[03-Aug-2021 15:07:45 Asia/Tokyo] PHP Fatal error:  require(): Failed opening required '../common/auth.php' (include_path='.:/usr/local/lib/php') in /var/www/html/index.php on line 3
[03-Aug-2021 15:07:45 Asia/Tokyo] PHP Warning:  require(../common/auth.php): failed to open stream: No such file or directory in /var/www/html/index.php on line 3
[03-Aug-2021 15:07:45 Asia/Tokyo] PHP Fatal error:  require(): Failed opening required '../common/auth.php' (include_path='.:/usr/local/lib/php') in /var/www/html/index.php on line 3
[03-Aug-2021 15:07:45 Asia/Tokyo] PHP Warning:  require(../common/auth.php): failed to open stream: No such file or directory in /var/www/html/index.php on line 3
[03-Aug-2021 15:07:45 Asia/Tokyo] PHP Fatal error:  require(): Failed opening required '../common/auth.php' (include_path='.:/usr/local/lib/php') in /var/www/html/index.php on line 3
[03-Aug-2021 15:07:45 Asia/Tokyo] PHP Warning:  require(../common/auth.php): failed to open stream: No such file or directory in /var/www/html/index.php on line 3
[03-Aug-2021 15:07:45 Asia/Tokyo] PHP Fatal error:  require(): Failed opening required '../common/auth.php' (include_path='.:/usr/local/lib/php') in /var/www/html/index.php on line 3
[03-Aug-2021 15:07:45 Asia/Tokyo] PHP Warning:  require(../common/auth.php): failed to open stream: No such file or directory in /var/www/html/index.php on line 3
[03-Aug-2021 15:07:45 Asia/Tokyo] PHP Fatal error:  require(): Failed opening required '../common/auth.php' (include_path='.:/usr/local/lib/php') in /var/www/html/index.php on line 3
